Time resolution is 1 ps
Starting input sequence at time 65000
Sending input[0][0] = 0100 at time 75000
Sending input[0][1] = 0200 at time 85000
Sending input[0][2] = 0300 at time 95000
Sending input[0][3] = 0400 at time 105000
Sending input[1][0] = 0500 at time 115000
Sending input[1][1] = 0600 at time 125000
Sending input[1][2] = 0700 at time 135000
Sending input[1][3] = 0800 at time 145000
Sending input[2][0] = 0900 at time 155000
Sending input[2][1] = 0a00 at time 165000
Sending input[2][2] = 0b00 at time 175000
Sending input[2][3] = 0c00 at time 185000
Sending input[3][0] = 0d00 at time 195000
Sending input[3][1] = 0e00 at time 205000
Sending input[3][2] = 0f00 at time 215000
Sending input[3][3] = 1000 at time 225000
Sending input[4][0] = xxxx at time 235000
Waiting for processing to complete at time 235000
Processing completed at time 1365000
Starting output sequence at time 1365000
Received output[0][0] = 33e0 at time 1385000
Received output[0][1] = 3980 at time 1395000
Received output[0][2] = 3f20 at time 1405000
Received output[0][3] = 44c0 at time 1415000
Received output[1][0] = 8360 at time 1425000
Received output[1][1] = 9180 at time 1435000
Received output[1][2] = 9fa0 at time 1445000
Received output[1][3] = adc0 at time 1455000
Received output[2][0] = d2e0 at time 1465000
Received output[2][1] = e980 at time 1475000
Received output[2][2] = 0020 at time 1485000
Received output[2][3] = 16c0 at time 1495000
Received output[3][0] = 2260 at time 1505000
Received output[3][1] = 4180 at time 1515000
Received output[3][2] = 60a0 at time 1525000
Received output[3][3] = 7fc0 at time 1535000

Test Results:
Input Matrix (Fixed Point 8.8 format):
   1.000    2.000    3.000    4.000 
   5.000    6.000    7.000    8.000 
   9.000   10.000   11.000   12.000 
  13.000   14.000   15.000   16.000 

Output Matrix (Fixed Point 8.8 format):
  51.875   57.500   63.125   68.750 
 131.375  145.500  159.625  173.750 
 210.875  233.500    0.125   22.750 
  34.375   65.500   96.625  127.750 
$finish called at time : 1635 ns : File "C:/Users/chira/Desktop/ece498/final_project/final_project.srcs/sim_1/new/tb.sv" Line 147
